\BOOKMARK [1][-]{section.1}{Analisi}{}% 1
\BOOKMARK [2][-]{subsection.1.1}{Utenza}{section.1}% 2
\BOOKMARK [3][-]{subsubsection.1.1.1}{Interessati}{subsection.1.1}% 3
\BOOKMARK [3][-]{subsubsection.1.1.2}{Appassionati}{subsection.1.1}% 4
\BOOKMARK [3][-]{subsubsection.1.1.3}{Esperti}{subsection.1.1}% 5
\BOOKMARK [1][-]{section.2}{Progettazione}{}% 6
\BOOKMARK [2][-]{subsection.2.1}{Attori}{section.2}% 7
\BOOKMARK [3][-]{subsubsection.2.1.1}{Funzionalit\340 pubbliche}{subsection.2.1}% 8
\BOOKMARK [3][-]{subsubsection.2.1.2}{Funzionalit\340 per utenti}{subsection.2.1}% 9
\BOOKMARK [3][-]{subsubsection.2.1.3}{Funzionalit\340 di amministrazione}{subsection.2.1}% 10
\BOOKMARK [2][-]{subsection.2.2}{Struttura delle pagine}{section.2}% 11
\BOOKMARK [2][-]{subsection.2.3}{Navigazione}{section.2}% 12
\BOOKMARK [2][-]{subsection.2.4}{Accessibilit\340}{section.2}% 13
\BOOKMARK [2][-]{subsection.2.5}{Database}{section.2}% 14
\BOOKMARK [3][-]{subsubsection.2.5.1}{Schema Utente}{subsection.2.5}% 15
\BOOKMARK [3][-]{subsubsection.2.5.2}{Schema Specie}{subsection.2.5}% 16
\BOOKMARK [1][-]{section.3}{Realizzazione}{}% 17
\BOOKMARK [1][-]{section.4}{Presentazione}{}% 18
\BOOKMARK [1][-]{section.5}{Comportamento}{}% 19
\BOOKMARK [2][-]{subsection.5.1}{Il Framework}{section.5}% 20
\BOOKMARK [3][-]{subsubsection.5.1.1}{Component}{subsection.5.1}% 21
\BOOKMARK [3][-]{subsubsection.5.1.2}{BasePage}{subsection.5.1}% 22
\BOOKMARK [3][-]{subsubsection.5.1.3}{VO}{subsection.5.1}% 23
\BOOKMARK [3][-]{subsubsection.5.1.4}{DAO}{subsection.5.1}% 24
\BOOKMARK [3][-]{subsubsection.5.1.5}{Le varie Componenti}{subsection.5.1}% 25
\BOOKMARK [3][-]{subsubsection.5.1.6}{Altro}{subsection.5.1}% 26
\BOOKMARK [2][-]{subsection.5.2}{Javascript}{section.5}% 27
\BOOKMARK [1][-]{section.6}{Test di accessibilit\340}{}% 28
\BOOKMARK [1][-]{section.7}{Fonti}{}% 29
