This is pdfTeX, Version 3.14159265-2.6-1.40.20 (TeX Live 2019/W32TeX) (preloaded format=pdflatex 2019.12.10)  25 JAN 2021 14:08
entering extended mode
 restricted \write18 enabled.
 file:line:error style messages enabled.
 %&-line parsing enabled.
**d:/Universita/TecWeb/Progetto/ProgettoTecweb/relazione/Relazione.tex
(d:/Universita/TecWeb/Progetto/ProgettoTecweb/relazione/Relazione.tex
LaTeX2e <2019-10-01> patch level 3
(c:/texlive/2019/texmf-dist/tex/latex/base/article.cls
Document Class: article 2019/10/25 v1.4k Standard LaTeX document class
(c:/texlive/2019/texmf-dist/tex/latex/base/size10.clo
File: size10.clo 2019/10/25 v1.4k Standard LaTeX file (size option)
)
\c@part=\count80
\c@section=\count81
\c@subsection=\count82
\c@subsubsection=\count83
\c@paragraph=\count84
\c@subparagraph=\count85
\c@figure=\count86
\c@table=\count87
\abovecaptionskip=\skip41
\belowcaptionskip=\skip42
\bibindent=\dimen102
) (c:/texlive/2019/texmf-dist/tex/latex/subfiles/subfiles.sty
Package: subfiles 2019/10/30 v1.5 Multi-file projects (package)
 (c:/texlive/2019/texmf-dist/tex/latex/import/import.sty
Package: import 2009/03/23  v 5.1
)) (d:/Universita/TecWeb/Progetto/ProgettoTecweb/relazione/Relazione.aux)
\openout1 = `Relazione.aux'.

LaTeX Font Info:    Checking defaults for OML/cmm/m/it on input line 3.
LaTeX Font Info:    ... okay on input line 3.
LaTeX Font Info:    Checking defaults for T1/cmr/m/n on input line 3.
LaTeX Font Info:    ... okay on input line 3.
LaTeX Font Info:    Checking defaults for OT1/cmr/m/n on input line 3.
LaTeX Font Info:    ... okay on input line 3.
LaTeX Font Info:    Checking defaults for OMS/cmsy/m/n on input line 3.
LaTeX Font Info:    ... okay on input line 3.
LaTeX Font Info:    Checking defaults for OMX/cmex/m/n on input line 3.
LaTeX Font Info:    ... okay on input line 3.
LaTeX Font Info:    Checking defaults for U/cmr/m/n on input line 3.
LaTeX Font Info:    ... okay on input line 3.
 (d:/Universita/TecWeb/Progetto/ProgettoTecweb/relazione/Relazione.toc
LaTeX Font Info:    External font `cmex10' loaded for size
(Font)              <7> on input line 3.
LaTeX Font Info:    External font `cmex10' loaded for size
(Font)              <5> on input line 3.
)
\tf@toc=\write3
\openout3 = `Relazione.toc'.

 [1

{c:/texlive/2019/texmf-var/fonts/map/pdftex/updmap/pdftex.map}] (d:/Universita/TecWeb/Progetto/ProgettoTecweb/relazione/introduzione.tex) (d:/Universita/TecWeb/Progetto/ProgettoTecweb/relazione/progettazione.tex) (d:/Universita/TecWeb/Progetto/ProgettoTecweb/relazione/design.tex) (d:/Universita/TecWeb/Progetto/ProgettoTecweb/relazione/htmlcss.tex) (d:/Universita/TecWeb/Progetto/ProgettoTecweb/relazione/phpmysql.tex) (d:/Universita/TecWeb/Progetto/ProgettoTecweb/relazione/js.tex) (d:/Universita/TecWeb/Progetto/ProgettoTecweb/relazione/accessibilita.tex) (d:/Universita/TecWeb/Progetto/ProgettoTecweb/relazione/installazione.tex) (d:/Universita/TecWeb/Progetto/ProgettoTecweb/relazione/configurazione.tex) [2] (d:/Universita/TecWeb/Progetto/ProgettoTecweb/relazione/Relazione.aux) ) 
Here is how much of TeX's memory you used:
 320 strings out of 492163
 5429 string characters out of 6129075
 64600 words of memory out of 5000000
 4730 multiletter control sequences out of 15000+600000
 5158 words of font info for 19 fonts, out of 8000000 for 9000
 1141 hyphenation exceptions out of 8191
 27i,4n,20p,204b,101s stack positions out of 5000i,500n,10000p,200000b,80000s
<c:/texlive/2019/texmf-dist/fonts/type1/public/amsfonts/cm/cmbx10.pfb><c:/texlive/2019/texmf-dist/fonts/type1/public/amsfonts/cm/cmbx12.pfb><c:/texlive/2019/texmf-dist/fonts/type1/public/amsfonts/cm/cmr10.pfb>
Output written on d:/Universita/TecWeb/Progetto/ProgettoTecweb/relazione/Relazione.pdf (2 pages, 45220 bytes).
PDF statistics:
 23 PDF objects out of 1000 (max. 8388607)
 15 compressed objects within 1 object stream
 0 named destinations out of 1000 (max. 500000)
 1 words of extra memory for PDF output out of 10000 (max. 10000000)

